node:internal/modules/cjs/loader:1411
  throw err;
  ^

Error: Cannot find module './file-watching/file-watcher-sockets'
Require stack:
- /Volumes/Kingston/Workspace/mern-monorepo/node_modules/nx/src/daemon/server/server.js
- /Volumes/Kingston/Workspace/mern-monorepo/node_modules/nx/src/daemon/server/start.js
    at Module._resolveFilename (node:internal/modules/cjs/loader:1408:15)
    at defaultResolveImpl (node:internal/modules/cjs/loader:1064:19)
    at resolveForCJSWithHooks (node:internal/modules/cjs/loader:1069:22)
    at Module._load (node:internal/modules/cjs/loader:1218:37)
    at c._load (node:electron/js2c/node_init:2:18013)
    at TracingChannel.traceSync (node:diagnostics_channel:322:14)
    at wrapModuleLoad (node:internal/modules/cjs/loader:242:24)
    at Module.require (node:internal/modules/cjs/loader:1494:12)
    at require (node:internal/modules/helpers:135:16)
    at Object.<anonymous> (/Volumes/Kingston/Workspace/mern-monorepo/node_modules/nx/src/daemon/server/server.js:19:32) {
  code: 'MODULE_NOT_FOUND',
  requireStack: [
    '/Volumes/Kingston/Workspace/mern-monorepo/node_modules/nx/src/daemon/server/server.js',
    '/Volumes/Kingston/Workspace/mern-monorepo/node_modules/nx/src/daemon/server/start.js'
  ]
}

Node.js v22.17.0
[NX v20.8.2 Daemon Server] - 2025-08-18T07:02:43.384Z - Started listening on: /private/var/folders/05/4wh1qgfs4sz023_lyw1bw_br0000gn/T/8a199fadb81dcb12f455/d.sock
[NX v20.8.2 Daemon Server] - 2025-08-18T07:02:43.387Z - [WATCHER]: Subscribed to changes within: /Volumes/Kingston/Workspace/mern-monorepo (native)
[NX v20.8.2 Daemon Server] - 2025-08-18T07:02:43.394Z - Established a connection. Number of open connections: 1
[NX v20.8.2 Daemon Server] - 2025-08-18T07:02:43.397Z - Closed a connection. Number of open connections: 0
[NX v20.8.2 Daemon Server] - 2025-08-18T07:02:43.409Z - Established a connection. Number of open connections: 1
[NX v20.8.2 Daemon Server] - 2025-08-18T07:02:43.410Z - Established a connection. Number of open connections: 2
[NX v20.8.2 Daemon Server] - 2025-08-18T07:02:43.410Z - Closed a connection. Number of open connections: 1
[NX v20.8.2 Daemon Server] - 2025-08-18T07:02:43.411Z - [REQUEST]: Client Request for Project Graph Received
[NX v20.8.2 Daemon Server] - 2025-08-18T07:02:43.415Z - Time taken for 'loadSpecifiedNxPlugins' 0.6606660000000488ms
[NX v20.8.2 Daemon Server] - 2025-08-18T07:02:43.416Z - Established a connection. Number of open connections: 2
[NX v20.8.2 Daemon Server] - 2025-08-18T07:02:43.416Z - Closed a connection. Number of open connections: 1
[NX v20.8.2 Daemon Server] - 2025-08-18T07:02:43.617Z - Established a connection. Number of open connections: 2
[NX v20.8.2 Daemon Server] - 2025-08-18T07:02:43.618Z - Established a connection. Number of open connections: 3
[NX v20.8.2 Daemon Server] - 2025-08-18T07:02:43.618Z - Closed a connection. Number of open connections: 2
[NX v20.8.2 Daemon Server] - 2025-08-18T07:02:43.624Z - [REQUEST]: Responding to the client. Shutdown initiated
[NX v20.8.2 Daemon Server] - 2025-08-18T07:02:43.624Z - Done responding to the client Shutdown initiated
[NX v20.8.2 Daemon Server] - 2025-08-18T07:02:43.625Z - Handled FORCE_SHUTDOWN. Handling time: 0. Response time: 1.
[NX v20.8.2 Daemon Server] - 2025-08-18T07:02:43.626Z - Closed a connection. Number of open connections: 1
[NX v20.8.2 Daemon Server] - 2025-08-18T07:02:43.626Z - Closed a connection. Number of open connections: 0
[NX v20.8.2 Daemon Server] - 2025-08-18T07:02:43.628Z - [WATCHER]: Stopping the watcher for /Volumes/Kingston/Workspace/mern-monorepo (sources)
[NX v20.8.2 Daemon Server] - 2025-08-18T07:02:43.628Z - [WATCHER]: Stopping the watcher for /Volumes/Kingston/Workspace/mern-monorepo (outputs)
[NX v20.8.2 Daemon Server] - 2025-08-18T07:02:43.628Z - Server stopped because: "Request to shutdown"
[NX v20.8.2 Daemon Server] - 2025-08-18T07:02:46.936Z - Started listening on: /private/var/folders/05/4wh1qgfs4sz023_lyw1bw_br0000gn/T/8a199fadb81dcb12f455/d.sock
[NX v20.8.2 Daemon Server] - 2025-08-18T07:02:46.937Z - [WATCHER]: Subscribed to changes within: /Volumes/Kingston/Workspace/mern-monorepo (native)
[NX v20.8.2 Daemon Server] - 2025-08-18T07:02:46.944Z - Established a connection. Number of open connections: 1
[NX v20.8.2 Daemon Server] - 2025-08-18T07:02:46.945Z - Established a connection. Number of open connections: 2
[NX v20.8.2 Daemon Server] - 2025-08-18T07:02:46.947Z - Closed a connection. Number of open connections: 1
[NX v20.8.2 Daemon Server] - 2025-08-18T07:02:46.949Z - [REQUEST]: Client Request for Project Graph Received
[NX v20.8.2 Daemon Server] - 2025-08-18T07:02:46.956Z - Time taken for 'loadSpecifiedNxPlugins' 2.1754579999997077ms
[NX v20.8.2 Daemon Server] - 2025-08-18T07:02:48.236Z - Time taken for 'Load Nx Plugin: /Volumes/Kingston/Workspace/mern-monorepo/node_modules/nx/src/plugins/js' 1285.2076669999997ms
[NX v20.8.2 Daemon Server] - 2025-08-18T07:02:48.243Z - Time taken for 'Load Nx Plugin: /Volumes/Kingston/Workspace/mern-monorepo/node_modules/nx/src/plugins/project-json/build-nodes/project-json' 1291.7112079999997ms
[NX v20.8.2 Daemon Server] - 2025-08-18T07:02:48.311Z - [REQUEST]: Updated workspace context based on watched changes, recomputing project graph...
[NX v20.8.2 Daemon Server] - 2025-08-18T07:02:48.311Z - [REQUEST]: 
[NX v20.8.2 Daemon Server] - 2025-08-18T07:02:48.311Z - [REQUEST]: 
[NX v20.8.2 Daemon Server] - 2025-08-18T07:02:48.315Z - Time taken for 'loadDefaultNxPlugins' 1360.4029159999995ms
[NX v20.8.2 Daemon Server] - 2025-08-18T07:02:48.317Z - [WATCHER]: Processing file changes in outputs
[NX v20.8.2 Daemon Server] - 2025-08-18T07:02:48.317Z - Closed a connection. Number of open connections: 0
[NX v20.8.2 Daemon Server] - 2025-08-18T07:02:48.317Z - [WATCHER]: Stopping the watcher for /Volumes/Kingston/Workspace/mern-monorepo (sources)
[NX v20.8.2 Daemon Server] - 2025-08-18T07:02:48.317Z - [WATCHER]: Stopping the watcher for /Volumes/Kingston/Workspace/mern-monorepo (outputs)
[NX v20.8.2 Daemon Server] - 2025-08-18T07:02:48.318Z - Server stopped because: "LOCK_FILES_CHANGED"
[NX v20.8.2 Daemon Server] - 2025-08-18T07:02:48.565Z - Started listening on: /private/var/folders/05/4wh1qgfs4sz023_lyw1bw_br0000gn/T/8a199fadb81dcb12f455/d.sock
[NX v20.8.2 Daemon Server] - 2025-08-18T07:02:48.566Z - [WATCHER]: Subscribed to changes within: /Volumes/Kingston/Workspace/mern-monorepo (native)
[NX v20.8.2 Daemon Server] - 2025-08-18T07:02:48.567Z - Established a connection. Number of open connections: 1
[NX v20.8.2 Daemon Server] - 2025-08-18T07:02:48.567Z - Established a connection. Number of open connections: 2
[NX v20.8.2 Daemon Server] - 2025-08-18T07:02:48.568Z - Closed a connection. Number of open connections: 1
[NX v20.8.2 Daemon Server] - 2025-08-18T07:02:48.569Z - [REQUEST]: Client Request for Project Graph Received
[NX v20.8.2 Daemon Server] - 2025-08-18T07:02:48.575Z - Time taken for 'loadSpecifiedNxPlugins' 1.0863340000000221ms
[NX v20.8.2 Daemon Server] - 2025-08-18T07:02:48.625Z - [WATCHER]: Processing file changes in outputs
[NX v20.8.2 Daemon Server] - 2025-08-18T07:02:48.775Z - Time taken for 'Load Nx Plugin: /Volumes/Kingston/Workspace/mern-monorepo/node_modules/nx/src/plugins/js' 205.294916ms
[NX v20.8.2 Daemon Server] - 2025-08-18T07:02:48.783Z - Time taken for 'Load Nx Plugin: /Volumes/Kingston/Workspace/mern-monorepo/node_modules/nx/src/plugins/package-json' 213.27912500000002ms
[NX v20.8.2 Daemon Server] - 2025-08-18T07:02:48.791Z - [REQUEST]: Updated workspace context based on watched changes, recomputing project graph...
[NX v20.8.2 Daemon Server] - 2025-08-18T07:02:48.791Z - [REQUEST]: 
[NX v20.8.2 Daemon Server] - 2025-08-18T07:02:48.792Z - [REQUEST]: 
[NX v20.8.2 Daemon Server] - 2025-08-18T07:02:48.794Z - Time taken for 'loadDefaultNxPlugins' 221.69879200000003ms
[NX v20.8.2 Daemon Server] - 2025-08-18T07:02:48.960Z - Time taken for 'build-project-configs' 155.37191700000005ms
[NX v20.8.2 Daemon Server] - 2025-08-18T07:02:48.978Z - [SYNC]: collect registered sync generators
[NX v20.8.2 Daemon Server] - 2025-08-18T07:02:48.978Z - [REQUEST]: Responding to the client. project-graph
[NX v20.8.2 Daemon Server] - 2025-08-18T07:02:48.979Z - Time taken for 'total for creating and serializing project graph' 409.29520799999995ms
[NX v20.8.2 Daemon Server] - 2025-08-18T07:02:48.981Z - Done responding to the client project-graph
[NX v20.8.2 Daemon Server] - 2025-08-18T07:02:48.981Z - Handled REQUEST_PROJECT_GRAPH. Handling time: 409. Response time: 3.
[NX v20.8.2 Daemon Server] - 2025-08-18T07:02:48.984Z - [REQUEST]: Responding to the client. handleMultiGlob
[NX v20.8.2 Daemon Server] - 2025-08-18T07:02:48.984Z - Done responding to the client handleMultiGlob
[NX v20.8.2 Daemon Server] - 2025-08-18T07:02:48.984Z - Handled MULTI_GLOB. Handling time: 1. Response time: 0.
[NX v20.8.2 Daemon Server] - 2025-08-18T07:02:48.986Z - [REQUEST]: Responding to the client. handleContextFileData
[NX v20.8.2 Daemon Server] - 2025-08-18T07:02:48.986Z - Done responding to the client handleContextFileData
[NX v20.8.2 Daemon Server] - 2025-08-18T07:02:48.986Z - Handled GET_CONTEXT_FILE_DATA. Handling time: 0. Response time: 0.
[NX v20.8.2 Daemon Server] - 2025-08-18T07:02:48.987Z - Closed a connection. Number of open connections: 0
[NX v20.8.2 Daemon Server] - 2025-08-18T07:03:52.420Z - [WATCHER]: package.json was modified
[NX v20.8.2 Daemon Server] - 2025-08-18T07:03:52.420Z - [WATCHER]: Processing file changes in outputs
[NX v20.8.2 Daemon Server] - 2025-08-18T07:03:52.521Z - [REQUEST]: Updated workspace context based on watched changes, recomputing project graph...
[NX v20.8.2 Daemon Server] - 2025-08-18T07:03:52.521Z - [REQUEST]: package.json
[NX v20.8.2 Daemon Server] - 2025-08-18T07:03:52.521Z - [REQUEST]: 
[NX v20.8.2 Daemon Server] - 2025-08-18T07:03:52.522Z - Time taken for 'hash changed files from watcher' 0.0811249999969732ms
[NX v20.8.2 Daemon Server] - 2025-08-18T07:03:52.526Z - Error detected when creating a project graph: ColonExpected in /Volumes/Kingston/Workspace/mern-monorepo/package.json at 9:3
   7 |   "dependencies": {
   8 |     ""
>  9 |   },
     |   ^
  10 |   "devDependencies": {
  11 |     "lerna": "^8.2.3"
  12 |   }

[NX v20.8.2 Daemon Server] - 2025-08-18T07:03:52.526Z - Time taken for 'build-project-configs' 2.7059579999986454ms
[NX v20.8.2 Daemon Server] - 2025-08-18T07:04:02.880Z - [WATCHER]: package.json was modified
[NX v20.8.2 Daemon Server] - 2025-08-18T07:04:02.880Z - [WATCHER]: Processing file changes in outputs
[NX v20.8.2 Daemon Server] - 2025-08-18T07:04:03.081Z - [REQUEST]: Updated workspace context based on watched changes, recomputing project graph...
[NX v20.8.2 Daemon Server] - 2025-08-18T07:04:03.081Z - [REQUEST]: package.json
[NX v20.8.2 Daemon Server] - 2025-08-18T07:04:03.081Z - [REQUEST]: 
[NX v20.8.2 Daemon Server] - 2025-08-18T07:04:03.083Z - Time taken for 'hash changed files from watcher' 0.2097910000011325ms
[NX v20.8.2 Daemon Server] - 2025-08-18T07:04:03.084Z - Error detected when creating a project graph: ColonExpected in /Volumes/Kingston/Workspace/mern-monorepo/package.json at 9:3
   7 |   "dependencies": {
   8 |     "react-app"
>  9 |   },
     |   ^
  10 |   "devDependencies": {
  11 |     "lerna": "^8.2.3"
  12 |   }

[NX v20.8.2 Daemon Server] - 2025-08-18T07:04:03.084Z - Time taken for 'build-project-configs' 1.6376669999881415ms
[NX v20.8.2 Daemon Server] - 2025-08-18T07:04:07.147Z - [WATCHER]: package.json was modified
[NX v20.8.2 Daemon Server] - 2025-08-18T07:04:07.147Z - [WATCHER]: Processing file changes in outputs
[NX v20.8.2 Daemon Server] - 2025-08-18T07:04:07.547Z - [REQUEST]: Updated workspace context based on watched changes, recomputing project graph...
[NX v20.8.2 Daemon Server] - 2025-08-18T07:04:07.547Z - [REQUEST]: package.json
[NX v20.8.2 Daemon Server] - 2025-08-18T07:04:07.548Z - [REQUEST]: 
[NX v20.8.2 Daemon Server] - 2025-08-18T07:04:07.549Z - Time taken for 'hash changed files from watcher' 0.10012499999720603ms
[NX v20.8.2 Daemon Server] - 2025-08-18T07:04:07.564Z - Time taken for 'build-project-configs' 12.786416999995708ms
[NX v20.8.2 Daemon Server] - 2025-08-18T07:04:07.581Z - [SYNC]: collect registered sync generators
[NX v20.8.2 Daemon Server] - 2025-08-18T07:04:07.581Z - [SYNC]: project graph hash is the same, not collecting task sync generators
[NX v20.8.2 Daemon Server] - 2025-08-18T07:04:07.581Z - [SYNC]: nx.json hash is the same, not collecting global sync generators
[NX v20.8.2 Daemon Server] - 2025-08-18T07:04:07.581Z - Time taken for 'total execution time for createProjectGraph()' 11.637999999991735ms
[NX v20.8.2 Daemon Server] - 2025-08-18T07:04:08.409Z - [WATCHER]: package.json was modified
[NX v20.8.2 Daemon Server] - 2025-08-18T07:04:08.409Z - [WATCHER]: Processing file changes in outputs
[NX v20.8.2 Daemon Server] - 2025-08-18T07:04:09.210Z - [REQUEST]: Updated workspace context based on watched changes, recomputing project graph...
[NX v20.8.2 Daemon Server] - 2025-08-18T07:04:09.211Z - [REQUEST]: package.json
[NX v20.8.2 Daemon Server] - 2025-08-18T07:04:09.211Z - [REQUEST]: 
[NX v20.8.2 Daemon Server] - 2025-08-18T07:04:09.218Z - Time taken for 'hash changed files from watcher' 0.3130830000009155ms
[NX v20.8.2 Daemon Server] - 2025-08-18T07:04:09.230Z - Time taken for 'build-project-configs' 10.396542000002228ms
[NX v20.8.2 Daemon Server] - 2025-08-18T07:04:09.248Z - [SYNC]: collect registered sync generators
[NX v20.8.2 Daemon Server] - 2025-08-18T07:04:09.249Z - [SYNC]: project graph hash is the same, not collecting task sync generators
[NX v20.8.2 Daemon Server] - 2025-08-18T07:04:09.249Z - [SYNC]: nx.json hash is the same, not collecting global sync generators
[NX v20.8.2 Daemon Server] - 2025-08-18T07:04:09.249Z - Time taken for 'total execution time for createProjectGraph()' 14.595000000001164ms
[NX v20.8.2 Daemon Server] - 2025-08-18T07:04:10.989Z - [WATCHER]: package.json was modified
[NX v20.8.2 Daemon Server] - 2025-08-18T07:04:10.989Z - [WATCHER]: Processing file changes in outputs
[NX v20.8.2 Daemon Server] - 2025-08-18T07:04:12.590Z - [REQUEST]: Updated workspace context based on watched changes, recomputing project graph...
[NX v20.8.2 Daemon Server] - 2025-08-18T07:04:12.590Z - [REQUEST]: package.json
[NX v20.8.2 Daemon Server] - 2025-08-18T07:04:12.590Z - [REQUEST]: 
[NX v20.8.2 Daemon Server] - 2025-08-18T07:04:12.591Z - Time taken for 'hash changed files from watcher' 0.09412500000325963ms
[NX v20.8.2 Daemon Server] - 2025-08-18T07:04:12.600Z - Time taken for 'build-project-configs' 7.889500000004773ms
[NX v20.8.2 Daemon Server] - 2025-08-18T07:04:12.613Z - [SYNC]: collect registered sync generators
[NX v20.8.2 Daemon Server] - 2025-08-18T07:04:12.613Z - [SYNC]: project graph hash is the same, not collecting task sync generators
[NX v20.8.2 Daemon Server] - 2025-08-18T07:04:12.613Z - [SYNC]: nx.json hash is the same, not collecting global sync generators
[NX v20.8.2 Daemon Server] - 2025-08-18T07:04:12.613Z - Time taken for 'total execution time for createProjectGraph()' 9.884124999996857ms
[NX v20.8.2 Daemon Server] - 2025-08-18T07:04:15.260Z - [WATCHER]: package.json was modified
[NX v20.8.2 Daemon Server] - 2025-08-18T07:04:15.260Z - [WATCHER]: Processing file changes in outputs
[NX v20.8.2 Daemon Server] - 2025-08-18T07:04:17.727Z - [WATCHER]: package.json was modified
[NX v20.8.2 Daemon Server] - 2025-08-18T07:04:17.727Z - [WATCHER]: Processing file changes in outputs
[NX v20.8.2 Daemon Server] - 2025-08-18T07:04:18.463Z - [REQUEST]: Updated workspace context based on watched changes, recomputing project graph...
[NX v20.8.2 Daemon Server] - 2025-08-18T07:04:18.463Z - [REQUEST]: package.json
[NX v20.8.2 Daemon Server] - 2025-08-18T07:04:18.463Z - [REQUEST]: 
[NX v20.8.2 Daemon Server] - 2025-08-18T07:04:18.478Z - Time taken for 'hash changed files from watcher' 0.09662500000558794ms
[NX v20.8.2 Daemon Server] - 2025-08-18T07:04:18.485Z - Time taken for 'build-project-configs' 16.039583000005223ms
[NX v20.8.2 Daemon Server] - 2025-08-18T07:04:18.505Z - [SYNC]: collect registered sync generators
[NX v20.8.2 Daemon Server] - 2025-08-18T07:04:18.505Z - [SYNC]: project graph hash is the same, not collecting task sync generators
[NX v20.8.2 Daemon Server] - 2025-08-18T07:04:18.505Z - [SYNC]: nx.json hash is the same, not collecting global sync generators
[NX v20.8.2 Daemon Server] - 2025-08-18T07:04:18.505Z - Time taken for 'total execution time for createProjectGraph()' 17.50704099998984ms
[NX v20.8.2 Daemon Server] - 2025-08-18T07:04:19.420Z - [WATCHER]: package.json was modified
[NX v20.8.2 Daemon Server] - 2025-08-18T07:04:19.421Z - [WATCHER]: Processing file changes in outputs
[NX v20.8.2 Daemon Server] - 2025-08-18T07:04:21.338Z - [WATCHER]: package.json was modified
[NX v20.8.2 Daemon Server] - 2025-08-18T07:04:21.338Z - [WATCHER]: Processing file changes in outputs
[NX v20.8.2 Daemon Server] - 2025-08-18T07:04:25.821Z - [REQUEST]: Updated workspace context based on watched changes, recomputing project graph...
[NX v20.8.2 Daemon Server] - 2025-08-18T07:04:25.821Z - [REQUEST]: package.json
[NX v20.8.2 Daemon Server] - 2025-08-18T07:04:25.821Z - [REQUEST]: 
[NX v20.8.2 Daemon Server] - 2025-08-18T07:04:25.822Z - Time taken for 'hash changed files from watcher' 0.08604200000991113ms
[NX v20.8.2 Daemon Server] - 2025-08-18T07:04:25.833Z - Time taken for 'build-project-configs' 8.605875000008382ms
[NX v20.8.2 Daemon Server] - 2025-08-18T07:04:25.846Z - [SYNC]: collect registered sync generators
[NX v20.8.2 Daemon Server] - 2025-08-18T07:04:25.847Z - [SYNC]: project graph hash is the same, not collecting task sync generators
[NX v20.8.2 Daemon Server] - 2025-08-18T07:04:25.847Z - [SYNC]: nx.json hash is the same, not collecting global sync generators
[NX v20.8.2 Daemon Server] - 2025-08-18T07:04:25.847Z - Time taken for 'total execution time for createProjectGraph()' 10.780582999999751ms
[NX v20.8.2 Daemon Server] - 2025-08-18T07:04:27.008Z - [WATCHER]: package.json was modified
[NX v20.8.2 Daemon Server] - 2025-08-18T07:04:27.009Z - [WATCHER]: Processing file changes in outputs
[NX v20.8.2 Daemon Server] - 2025-08-18T07:04:28.734Z - [WATCHER]: package.json was modified
[NX v20.8.2 Daemon Server] - 2025-08-18T07:04:28.734Z - [WATCHER]: Processing file changes in outputs
[NX v20.8.2 Daemon Server] - 2025-08-18T07:04:33.409Z - [REQUEST]: Updated workspace context based on watched changes, recomputing project graph...
[NX v20.8.2 Daemon Server] - 2025-08-18T07:04:33.410Z - [REQUEST]: package.json
[NX v20.8.2 Daemon Server] - 2025-08-18T07:04:33.410Z - [REQUEST]: 
[NX v20.8.2 Daemon Server] - 2025-08-18T07:04:33.411Z - Time taken for 'hash changed files from watcher' 0.18629199999850243ms
[NX v20.8.2 Daemon Server] - 2025-08-18T07:04:33.423Z - Time taken for 'build-project-configs' 9.817875000007916ms
[NX v20.8.2 Daemon Server] - 2025-08-18T07:04:33.443Z - [SYNC]: collect registered sync generators
[NX v20.8.2 Daemon Server] - 2025-08-18T07:04:33.443Z - [SYNC]: project graph hash is the same, not collecting task sync generators
[NX v20.8.2 Daemon Server] - 2025-08-18T07:04:33.443Z - [SYNC]: nx.json hash is the same, not collecting global sync generators
[NX v20.8.2 Daemon Server] - 2025-08-18T07:04:33.443Z - Time taken for 'total execution time for createProjectGraph()' 13.492749999990338ms
[NX v20.8.2 Daemon Server] - 2025-08-18T07:04:33.502Z - [WATCHER]: package.json was modified
[NX v20.8.2 Daemon Server] - 2025-08-18T07:04:33.503Z - [WATCHER]: Processing file changes in outputs
[NX v20.8.2 Daemon Server] - 2025-08-18T07:04:39.903Z - [REQUEST]: Updated workspace context based on watched changes, recomputing project graph...
[NX v20.8.2 Daemon Server] - 2025-08-18T07:04:39.904Z - [REQUEST]: package.json
[NX v20.8.2 Daemon Server] - 2025-08-18T07:04:39.904Z - [REQUEST]: 
[NX v20.8.2 Daemon Server] - 2025-08-18T07:04:39.938Z - Time taken for 'hash changed files from watcher' 0.27191699999093544ms
[NX v20.8.2 Daemon Server] - 2025-08-18T07:04:39.953Z - Time taken for 'build-project-configs' 13.435542000006535ms
[NX v20.8.2 Daemon Server] - 2025-08-18T07:04:39.971Z - [SYNC]: collect registered sync generators
[NX v20.8.2 Daemon Server] - 2025-08-18T07:04:39.971Z - [SYNC]: project graph hash is the same, not collecting task sync generators
[NX v20.8.2 Daemon Server] - 2025-08-18T07:04:39.971Z - [SYNC]: nx.json hash is the same, not collecting global sync generators
[NX v20.8.2 Daemon Server] - 2025-08-18T07:04:39.971Z - Time taken for 'total execution time for createProjectGraph()' 15.244332999995095ms
[NX v20.8.2 Daemon Server] - 2025-08-18T07:04:51.380Z - [WATCHER]: package.json was modified
[NX v20.8.2 Daemon Server] - 2025-08-18T07:04:51.380Z - [WATCHER]: Processing file changes in outputs
[NX v20.8.2 Daemon Server] - 2025-08-18T07:04:53.331Z - [WATCHER]: package.json was modified
[NX v20.8.2 Daemon Server] - 2025-08-18T07:04:53.331Z - [WATCHER]: Processing file changes in outputs
[NX v20.8.2 Daemon Server] - 2025-08-18T07:04:56.158Z - [WATCHER]: Processing file changes in outputs
[NX v20.8.2 Daemon Server] - 2025-08-18T07:04:56.158Z - [WATCHER]: package.json was modified
[NX v20.8.2 Daemon Server] - 2025-08-18T07:04:57.780Z - [REQUEST]: Updated workspace context based on watched changes, recomputing project graph...
[NX v20.8.2 Daemon Server] - 2025-08-18T07:04:57.780Z - [REQUEST]: package.json
[NX v20.8.2 Daemon Server] - 2025-08-18T07:04:57.780Z - [REQUEST]: 
[NX v20.8.2 Daemon Server] - 2025-08-18T07:04:57.781Z - Time taken for 'hash changed files from watcher' 0.06270799999765586ms
[NX v20.8.2 Daemon Server] - 2025-08-18T07:04:57.788Z - Time taken for 'build-project-configs' 6.099125000007916ms
[NX v20.8.2 Daemon Server] - 2025-08-18T07:04:57.799Z - [SYNC]: collect registered sync generators
[NX v20.8.2 Daemon Server] - 2025-08-18T07:04:57.799Z - [SYNC]: project graph hash is the same, not collecting task sync generators
[NX v20.8.2 Daemon Server] - 2025-08-18T07:04:57.799Z - [SYNC]: nx.json hash is the same, not collecting global sync generators
[NX v20.8.2 Daemon Server] - 2025-08-18T07:04:57.799Z - Time taken for 'total execution time for createProjectGraph()' 8.345457999996142ms
[NX v20.8.2 Daemon Server] - 2025-08-18T07:05:27.543Z - [WATCHER]: Processing file changes in outputs
[NX v20.8.2 Daemon Server] - 2025-08-18T07:05:27.548Z - [WATCHER]: package.json was modified
[NX v20.8.2 Daemon Server] - 2025-08-18T07:05:30.175Z - [WATCHER]: package.json was modified
[NX v20.8.2 Daemon Server] - 2025-08-18T07:05:30.175Z - [WATCHER]: Processing file changes in outputs
[NX v20.8.2 Daemon Server] - 2025-08-18T07:05:33.948Z - [REQUEST]: Updated workspace context based on watched changes, recomputing project graph...
[NX v20.8.2 Daemon Server] - 2025-08-18T07:05:33.948Z - [REQUEST]: package.json
[NX v20.8.2 Daemon Server] - 2025-08-18T07:05:33.949Z - [REQUEST]: 
[NX v20.8.2 Daemon Server] - 2025-08-18T07:05:33.950Z - Time taken for 'hash changed files from watcher' 0.1964589999988675ms
[NX v20.8.2 Daemon Server] - 2025-08-18T07:05:33.965Z - Time taken for 'build-project-configs' 12.406667000002926ms
[NX v20.8.2 Daemon Server] - 2025-08-18T07:05:33.981Z - [SYNC]: collect registered sync generators
[NX v20.8.2 Daemon Server] - 2025-08-18T07:05:33.981Z - [SYNC]: project graph hash is the same, not collecting task sync generators
[NX v20.8.2 Daemon Server] - 2025-08-18T07:05:33.981Z - [SYNC]: nx.json hash is the same, not collecting global sync generators
[NX v20.8.2 Daemon Server] - 2025-08-18T07:05:33.981Z - Time taken for 'total execution time for createProjectGraph()' 14.20020900000236ms
[NX v20.8.2 Daemon Server] - 2025-08-18T07:05:34.135Z - [WATCHER]: package.json was modified
[NX v20.8.2 Daemon Server] - 2025-08-18T07:05:34.135Z - [WATCHER]: Processing file changes in outputs
[NX v20.8.2 Daemon Server] - 2025-08-18T07:05:36.866Z - [WATCHER]: package.json was modified
[NX v20.8.2 Daemon Server] - 2025-08-18T07:05:36.867Z - [WATCHER]: Processing file changes in outputs
[NX v20.8.2 Daemon Server] - 2025-08-18T07:05:40.538Z - [REQUEST]: Updated workspace context based on watched changes, recomputing project graph...
[NX v20.8.2 Daemon Server] - 2025-08-18T07:05:40.538Z - [REQUEST]: package.json
[NX v20.8.2 Daemon Server] - 2025-08-18T07:05:40.538Z - [REQUEST]: 
[NX v20.8.2 Daemon Server] - 2025-08-18T07:05:40.540Z - Time taken for 'hash changed files from watcher' 1.1380000000062864ms
[NX v20.8.2 Daemon Server] - 2025-08-18T07:05:40.555Z - Time taken for 'build-project-configs' 12.471999999979744ms
[NX v20.8.2 Daemon Server] - 2025-08-18T07:05:40.574Z - [SYNC]: collect registered sync generators
[NX v20.8.2 Daemon Server] - 2025-08-18T07:05:40.575Z - [SYNC]: project graph hash is the same, not collecting task sync generators
[NX v20.8.2 Daemon Server] - 2025-08-18T07:05:40.575Z - [SYNC]: nx.json hash is the same, not collecting global sync generators
[NX v20.8.2 Daemon Server] - 2025-08-18T07:05:40.575Z - Time taken for 'total execution time for createProjectGraph()' 16.659125000005588ms
[NX v20.8.2 Daemon Server] - 2025-08-18T07:05:55.893Z - [WATCHER]: package.json was modified
[NX v20.8.2 Daemon Server] - 2025-08-18T07:05:55.894Z - [WATCHER]: Processing file changes in outputs
[NX v20.8.2 Daemon Server] - 2025-08-18T07:06:02.295Z - [REQUEST]: Updated workspace context based on watched changes, recomputing project graph...
[NX v20.8.2 Daemon Server] - 2025-08-18T07:06:02.295Z - [REQUEST]: package.json
[NX v20.8.2 Daemon Server] - 2025-08-18T07:06:02.295Z - [REQUEST]: 
[NX v20.8.2 Daemon Server] - 2025-08-18T07:06:02.296Z - Time taken for 'hash changed files from watcher' 0.11383300001034513ms
[NX v20.8.2 Daemon Server] - 2025-08-18T07:06:02.308Z - Time taken for 'build-project-configs' 9.634499999985565ms
[NX v20.8.2 Daemon Server] - 2025-08-18T07:06:02.327Z - [SYNC]: collect registered sync generators
[NX v20.8.2 Daemon Server] - 2025-08-18T07:06:02.327Z - [SYNC]: project graph hash is the same, not collecting task sync generators
[NX v20.8.2 Daemon Server] - 2025-08-18T07:06:02.327Z - [SYNC]: nx.json hash is the same, not collecting global sync generators
[NX v20.8.2 Daemon Server] - 2025-08-18T07:06:02.327Z - Time taken for 'total execution time for createProjectGraph()' 15.782290999981342ms
[NX v20.8.2 Daemon Server] - 2025-08-18T07:06:06.746Z - [WATCHER]: Processing file changes in outputs
[NX v20.8.2 Daemon Server] - 2025-08-18T07:06:06.749Z - [WATCHER]: Stopping the watcher for /Volumes/Kingston/Workspace/mern-monorepo (sources)
[NX v20.8.2 Daemon Server] - 2025-08-18T07:06:06.752Z - [WATCHER]: Stopping the watcher for /Volumes/Kingston/Workspace/mern-monorepo (outputs)
[NX v20.8.2 Daemon Server] - 2025-08-18T07:06:06.752Z - Server stopped because: "LOCK_FILES_CHANGED"
