Daemon process terminated and closed the connection

Messages from the log:
[NX v20.8.2 Daemon Server] - 2025-08-18T07:02:43.384Z - Started listening on: /private/var/folders/05/4wh1qgfs4sz023_lyw1bw_br0000gn/T/8a199fadb81dcb12f455/d.sock
[NX v20.8.2 Daemon Server] - 2025-08-18T07:02:43.387Z - [WATCHER]: Subscribed to changes within: /Volumes/Kingston/Workspace/mern-monorepo (native)
[NX v20.8.2 Daemon Server] - 2025-08-18T07:02:43.394Z - Established a connection. Number of open connections: 1
[NX v20.8.2 Daemon Server] - 2025-08-18T07:02:43.397Z - Closed a connection. Number of open connections: 0
[NX v20.8.2 Daemon Server] - 2025-08-18T07:02:43.409Z - Established a connection. Number of open connections: 1
[NX v20.8.2 Daemon Server] - 2025-08-18T07:02:43.410Z - Established a connection. Number of open connections: 2
[NX v20.8.2 Daemon Server] - 2025-08-18T07:02:43.410Z - Closed a connection. Number of open connections: 1
[NX v20.8.2 Daemon Server] - 2025-08-18T07:02:43.411Z - [REQUEST]: Client Request for Project Graph Received
[NX v20.8.2 Daemon Server] - 2025-08-18T07:02:43.415Z - Time taken for 'loadSpecifiedNxPlugins' 0.6606660000000488ms
[NX v20.8.2 Daemon Server] - 2025-08-18T07:02:43.416Z - Established a connection. Number of open connections: 2
[NX v20.8.2 Daemon Server] - 2025-08-18T07:02:43.416Z - Closed a connection. Number of open connections: 1
[NX v20.8.2 Daemon Server] - 2025-08-18T07:02:43.617Z - Established a connection. Number of open connections: 2
[NX v20.8.2 Daemon Server] - 2025-08-18T07:02:43.618Z - Established a connection. Number of open connections: 3
[NX v20.8.2 Daemon Server] - 2025-08-18T07:02:43.618Z - Closed a connection. Number of open connections: 2
[NX v20.8.2 Daemon Server] - 2025-08-18T07:02:43.624Z - [REQUEST]: Responding to the client. Shutdown initiated
[NX v20.8.2 Daemon Server] - 2025-08-18T07:02:43.624Z - Done responding to the client Shutdown initiated
[NX v20.8.2 Daemon Server] - 2025-08-18T07:02:43.625Z - Handled FORCE_SHUTDOWN. Handling time: 0. Response time: 1.
[NX v20.8.2 Daemon Server] - 2025-08-18T07:02:43.626Z - Closed a connection. Number of open connections: 1
[NX v20.8.2 Daemon Server] - 2025-08-18T07:02:43.626Z - Closed a connection. Number of open connections: 0



More information: /Volumes/Kingston/Workspace/mern-monorepo/.nx/workspace-data/d/daemon.log